<?xml version="1.0" encoding="UTF-8"?>
<testsuite xmlns:xsi="http://www.w3.org/2001/XMLSchema-instance" xsi:noNamespaceSchemaLocation="https://maven.apache.org/surefire/maven-surefire-plugin/xsd/surefire-test-report.xsd" name="cl.kibernumacademy.DiscountServiceTest" time="0.028" tests="5" errors="0" skipped="0" failures="0">
  <properties>
[...]
</properties>
  <testcase name="testDescuento" classname="cl.kibernumacademy.DiscountServiceTest" time="0.016"/>
  <testcase name="testDescuento_borde100000" classname="cl.kibernumacademy.DiscountServiceTest" time="0"/>
  <testcase name="testDescuento_entre50000y100000" classname="cl.kibernumacademy.DiscountServiceTest" time="0"/>
  <testcase name="testDescuento_menorDe50000" classname="cl.kibernumacademy.DiscountServiceTest" time="0.002"/>
  <testcase name="testDescuento_borde50000" classname="cl.kibernumacademy.DiscountServiceTest" time="0"/>
</testsuite>